<?xml version="1.0" encoding="UTF-8"?>
<testng-results ignored="0" total="1" passed="1" failed="0" skipped="0">
  <reporter-output>
  </reporter-output>
  <suite started-at="2022-01-26T07:26:48Z" name="Default suite" finished-at="2022-01-26T07:26:52Z" duration-ms="4017">
    <groups>
    </groups>
    <test started-at="2022-01-26T07:26:48Z" name="Default test" finished-at="2022-01-26T07:26:52Z" duration-ms="4017">
      <class name="autoTestPackage.GetQuoteTest">
        <test-method is-config="true" signature="setUp()[pri:0, instance:autoTestPackage.GetQuoteTest@66c92293]" started-at="2022-01-26T07:26:48Z" name="setUp" finished-at="2022-01-26T07:26:51Z" duration-ms="3460" status="PASS">
          <reporter-output>
          </reporter-output>
        </test-method> <!-- setUp -->
        <test-method signature="qutationTest()[pri:0, instance:autoTestPackage.GetQuoteTest@66c92293]" started-at="2022-01-26T07:26:51Z" name="qutationTest" finished-at="2022-01-26T07:26:52Z" duration-ms="357" status="PASS">
          <reporter-output>
          </reporter-output>
        </test-method> <!-- qutationTest -->
        <test-method is-config="true" signature="tearUp()[pri:0, instance:autoTestPackage.GetQuoteTest@66c92293]" started-at="2022-01-26T07:26:52Z" name="tearUp" finished-at="2022-01-26T07:26:52Z" duration-ms="180" status="PASS">
          <reporter-output>
          </reporter-output>
        </test-method> <!-- tearUp -->
      </class> <!-- autoTestPackage.GetQuoteTest -->
    </test> <!-- Default test -->
  </suite> <!-- Default suite -->
</testng-results>
